Determining if the pthread_create exist failed with the following output:
Change Dir: /home/pranit/drone_ws/build/darknet_ros/CMakeFiles/CMakeTmp

Run Build Command:"/usr/bin/make" "cmTC_88886/fast"
/usr/bin/make -f CMakeFiles/cmTC_88886.dir/build.make CMakeFiles/cmTC_88886.dir/build
make[1]: Entering directory '/home/pranit/drone_ws/build/darknet_ros/CMakeFiles/CMakeTmp'
Building C object CMakeFiles/cmTC_88886.dir/CheckSymbolExists.c.o
/usr/bin/gcc-6   -fPIC    -o CMakeFiles/cmTC_88886.dir/CheckSymbolExists.c.o   -c /home/pranit/drone_ws/build/darknet_ros/CMakeFiles/CMakeTmp/CheckSymbolExists.c
Linking C executable cmTC_88886
/usr/bin/cmake -E cmake_link_script CMakeFiles/cmTC_88886.dir/link.txt --verbose=1
/usr/bin/gcc-6 -fPIC     CMakeFiles/cmTC_88886.dir/CheckSymbolExists.c.o  -o cmTC_88886 
CMakeFiles/cmTC_88886.dir/CheckSymbolExists.c.o: In function `main':
CheckSymbolExists.c:(.text+0x1b): undefined reference to `pthread_create'
collect2: error: ld returned 1 exit status
CMakeFiles/cmTC_88886.dir/build.make:97: recipe for target 'cmTC_88886' failed
make[1]: *** [cmTC_88886] Error 1
make[1]: Leaving directory '/home/pranit/drone_ws/build/darknet_ros/CMakeFiles/CMakeTmp'
Makefile:126: recipe for target 'cmTC_88886/fast' failed
make: *** [cmTC_88886/fast] Error 2

File /home/pranit/drone_ws/build/darknet_ros/CMakeFiles/CMakeTmp/CheckSymbolExists.c:
/* */
#include <pthread.h>

int main(int argc, char** argv)
{
  (void)argv;
#ifndef pthread_create
  return ((int*)(&pthread_create))[argc];
#else
  (void)argc;
  return 0;
#endif
}

Determining if the function pthread_create exists in the pthreads failed with the following output:
Change Dir: /home/pranit/drone_ws/build/darknet_ros/CMakeFiles/CMakeTmp

Run Build Command:"/usr/bin/make" "cmTC_1176d/fast"
/usr/bin/make -f CMakeFiles/cmTC_1176d.dir/build.make CMakeFiles/cmTC_1176d.dir/build
make[1]: Entering directory '/home/pranit/drone_ws/build/darknet_ros/CMakeFiles/CMakeTmp'
Building C object CMakeFiles/cmTC_1176d.dir/CheckFunctionExists.c.o
/usr/bin/gcc-6   -fPIC -DCHECK_FUNCTION_EXISTS=pthread_create   -o CMakeFiles/cmTC_1176d.dir/CheckFunctionExists.c.o   -c /usr/share/cmake-3.10/Modules/CheckFunctionExists.c
Linking C executable cmTC_1176d
/usr/bin/cmake -E cmake_link_script CMakeFiles/cmTC_1176d.dir/link.txt --verbose=1
/usr/bin/gcc-6 -fPIC -DCHECK_FUNCTION_EXISTS=pthread_create    CMakeFiles/cmTC_1176d.dir/CheckFunctionExists.c.o  -o cmTC_1176d -lpthreads 
/usr/bin/x86_64-linux-gnu-ld: cannot find -lpthreads
collect2: error: ld returned 1 exit status
CMakeFiles/cmTC_1176d.dir/build.make:97: recipe for target 'cmTC_1176d' failed
make[1]: *** [cmTC_1176d] Error 1
make[1]: Leaving directory '/home/pranit/drone_ws/build/darknet_ros/CMakeFiles/CMakeTmp'
Makefile:126: recipe for target 'cmTC_1176d/fast' failed
make: *** [cmTC_1176d/fast] Error 2


