Not searching for unused variables given on the command line.
[36m--[0m Using CATKIN_DEVEL_PREFIX: /home/pranit/drone_ws/devel/.private/iq_gnc
[36m--[0m Using CMAKE_PREFIX_PATH: /home/pranit/drone_ws/devel;/home/pranit/catkin_ws/devel;/opt/ros/melodic
[36m--[0m This workspace overlays: /home/pranit/drone_ws/devel;/home/pranit/catkin_ws/devel;/opt/ros/melodic
[36m--[0m Found PythonInterp: /usr/bin/python2 (found suitable version "2.7.17", minimum required is "2")
[36m--[0m Using PYTHON_EXECUTABLE: /usr/bin/python2
[36m--[0m Using Debian Python package layout
[36m--[0m Using empy: /usr/bin/empy
[36m--[0m Using CATKIN_ENABLE_TESTING: ON
[36m--[0m Call enable_testing()
[36m--[0m Using CATKIN_TEST_RESULTS_DIR: /home/pranit/drone_ws/build/iq_gnc/test_results
[36m--[0m Found gtest sources under '/usr/src/googletest': gtests will be built
[36m--[0m Found gmock sources under '/usr/src/googletest': gmock will be built
[36m--[0m Found PythonInterp: /usr/bin/python2 (found version "2.7.17")
[36m--[0m Using Python nosetests: /usr/bin/nosetests-2.7
[36m--[0m catkin 0.7.29
[36m--[0m BUILD_SHARED_LIBS is on
[36m--[0m Using these message generators: gencpp;geneus;genlisp;gennodejs;genpy
[36m--[0m Configuring done
You have changed variables that require your cache to be deleted.
Configure will be re-run and you may have to reset some variables.
The following variables have changed:
CMAKE_C_COMPILER= /usr/bin/gcc-8
CMAKE_C_COMPILER= /usr/bin/gcc-8
CMAKE_C_COMPILER= /usr/bin/gcc-8
CMAKE_C_COMPILER= /usr/bin/gcc-8

[36m--[0m The C compiler identification is unknown
[36m--[0m The CXX compiler identification is GNU 7.5.0
[31m[1mCMake Error[0m at /home/pranit/drone_ws/src/iq_gnc/CMakeLists.txt:2 (project):
  The CMAKE_C_COMPILER:

    /usr/bin/gcc-8

  is not a full path to an existing compiler tool.

  Tell CMake where to find the compiler by setting either the environment
  variable "CC" or the CMake cache entry CMAKE_C_COMPILER to the full path to
  the compiler, or to the compiler name if it is in the PATH.


[36m--[0m Check for working CXX compiler: /usr/bin/c++
[36m--[0m Check for working CXX compiler: /usr/bin/c++ -- works
[36m--[0m Detecting CXX compiler ABI info
[36m--[0m Detecting CXX compiler ABI info - done
[36m--[0m Detecting CXX compile features
[36m--[0m Detecting CXX compile features - done
[36m--[0m Configuring incomplete, errors occurred!
See also "/home/pranit/drone_ws/build/iq_gnc/CMakeFiles/CMakeOutput.log".
See also "/home/pranit/drone_ws/build/iq_gnc/CMakeFiles/CMakeError.log".
